nohup: ignoring input
/home/ubuntu/port_quality_box/venv/lib/python3.12/site-packages/airflow/configuration.py:814 DeprecationWarning: The grid_view_sorting_order option in [webserver] has been moved to the grid_view_sorting_order option in [api] - the old setting has been used, but please update your config.
/home/ubuntu/port_quality_box/venv/lib/python3.12/site-packages/airflow/configuration.py:815 DeprecationWarning: The grid_view_sorting_order option in [webserver] has been moved to the grid_view_sorting_order option in [api] - the old setting has been used, but please update your config.
/home/ubuntu/port_quality_box/venv/lib/python3.12/site-packages/airflow/configuration.py:2285 FutureWarning: The 'log_filename_template' setting in [logging] has the old default value of 'dag_id={{ ti.dag_id }}/run_id={{ ti.run_id }}/task_id={{ ti.task_id }}/{% if ti.map_index >= 0 %}map_index={{ ti.map_index }}/{% endif %}attempt={{ try_number }}.log'. This value has been changed to 'dag_id={{ ti.dag_id }}/run_id={{ ti.run_id }}/task_id={{ ti.task_id }}/{% if ti.map_index >= 0 %}map_index={{ ti.map_index }}/{% endif %}attempt={{ try_number|default(ti.try_number) }}.log' in the running config, but please update your config.
/home/ubuntu/port_quality_box/venv/lib/python3.12/site-packages/airflow/dag_processing/bundles/base.py:260 DeprecationWarning: The dag_dir_list_interval option in [scheduler] has been moved to the refresh_interval option in [dag_processor] - the old setting has been used, but please update your config.
/home/ubuntu/port_quality_box/venv/lib/python3.12/site-packages/airflow/sdk/api/client.py:817 DeprecationWarning: The web_server_ssl_cert option in [webserver] has been moved to the ssl_cert option in [api] - the old setting has been used, but please update your config.
/home/ubuntu/port_quality_box/venv/lib/python3.12/site-packages/airflow/configuration.py:869 DeprecationWarning: The secret_key option in [webserver] has been moved to the secret_key option in [api] - the old setting has been used, but please update your config.
/home/ubuntu/port_quality_box/venv/lib/python3.12/site-packages/airflow/cli/cli_config.py:624 DeprecationWarning: The web_server_port option in [webserver] has been moved to the port option in [api] - the old setting has been used, but please update your config.
/home/ubuntu/port_quality_box/venv/lib/python3.12/site-packages/airflow/cli/cli_config.py:630 DeprecationWarning: The workers option in [webserver] has been moved to the workers option in [api] - the old setting has been used, but please update your config.
/home/ubuntu/port_quality_box/venv/lib/python3.12/site-packages/airflow/cli/cli_config.py:642 DeprecationWarning: The web_server_host option in [webserver] has been moved to the host option in [api] - the old setting has been used, but please update your config.
/home/ubuntu/port_quality_box/venv/lib/python3.12/site-packages/airflow/cli/cli_config.py:662 DeprecationWarning: The web_server_ssl_cert option in [webserver] has been moved to the ssl_cert option in [api] - the old setting has been used, but please update your config.
/home/ubuntu/port_quality_box/venv/lib/python3.12/site-packages/airflow/cli/cli_config.py:667 DeprecationWarning: The web_server_ssl_key option in [webserver] has been moved to the ssl_key option in [api] - the old setting has been used, but please update your config.
/home/ubuntu/port_quality_box/venv/lib/python3.12/site-packages/airflow/providers/fab/www/constants.py:27 DeprecationWarning: The enable_swagger_ui option in [webserver] has been moved to the enable_swagger_ui option in [api] - the old setting has been used, but please update your config.
/home/ubuntu/port_quality_box/venv/lib/python3.12/site-packages/airflow/providers/fab/auth_manager/fab_auth_manager.py:108 RemovedInAirflow4Warning: The airflow.security.permissions module is deprecated; please see https://airflow.apache.org/docs/apache-airflow/stable/security/deprecated_permissions.html
  ____________       _____________
 ____    |__( )_________  __/__  /________      __
____  /| |_  /__  ___/_  /_ __  /_  __ \_ | /| / /
___  ___ |  / _  /   _  __/ _  / / /_/ /_ |/ |/ /
 _/_/  |_/_/  /_/    /_/    /_/  \____/____/|__/
[2025-12-01T07:23:33.266658Z] {core.py:50} INFO - Starting log server on http://[::]:8793
[2025-12-01T07:23:33.280269Z] {scheduler_job_runner.py:1054} INFO - Starting the scheduler
[2025-12-01T07:23:33.281912Z] {tokens.py:529} WARNING - `api_auth/jwt_secret` was empty, using a generated one for now. Please set this in your config
[2025-12-01T07:23:33.282746Z] {executor_loader.py:281} INFO - Loaded executor: :LocalExecutor:
[2025-12-01T07:23:33.286259Z] {scheduler_job_runner.py:2278} INFO - Adopting or resetting orphaned tasks for active dag runs
/home/ubuntu/port_quality_box/venv/lib/python3.12/site-packages/airflow/api_fastapi/auth/tokens.py:525 DeprecationWarning: The secret_key option in [webserver] has been moved to the secret_key option in [api] - the old setting has been used, but please update your config.
WARNING:  ASGI app factory detected. Using it, but please consider setting the --factory flag explicitly.
INFO:     Started server process [77135]
INFO:     Waiting for application startup.
INFO:     Application startup complete.
ERROR:    [Errno 98] error while attempting to bind on address ('0.0.0.0', 8793): address already in use
INFO:     Waiting for application shutdown.
INFO:     Application shutdown complete.
[2025-12-01T07:28:53.210565Z] {scheduler_job_runner.py:2278} INFO - Adopting or resetting orphaned tasks for active dag runs
[2025-12-01T07:34:13.286318Z] {scheduler_job_runner.py:2278} INFO - Adopting or resetting orphaned tasks for active dag runs
